Determining if the pthread_create exist failed with the following output:
Change Dir: /home/turtlebot2/asr_ws/build/CMakeFiles/CMakeTmp

Run Build Command:/usr/bin/make "cmTryCompileExec4205805044/fast"
/usr/bin/make -f CMakeFiles/cmTryCompileExec4205805044.dir/build.make CMakeFiles/cmTryCompileExec4205805044.dir/build
make[1]: 正在进入目录 `/home/turtlebot2/asr_ws/build/CMakeFiles/CMakeTmp'
/usr/bin/cmake -E cmake_progress_report /home/turtlebot2/asr_ws/build/CMakeFiles/CMakeTmp/CMakeFiles 1
Building C object CMakeFiles/cmTryCompileExec4205805044.dir/CheckSymbolExists.c.o
/usr/bin/cc    -o CMakeFiles/cmTryCompileExec4205805044.dir/CheckSymbolExists.c.o   -c /home/turtlebot2/asr_ws/build/CMakeFiles/CMakeTmp/CheckSymbolExists.c
Linking C executable cmTryCompileExec4205805044
/usr/bin/cmake -E cmake_link_script CMakeFiles/cmTryCompileExec4205805044.dir/link.txt --verbose=1
/usr/bin/cc       CMakeFiles/cmTryCompileExec4205805044.dir/CheckSymbolExists.c.o  -o cmTryCompileExec4205805044 -rdynamic 
CMakeFiles/cmTryCompileExec4205805044.dir/CheckSymbolExists.c.o：在函数‘main’中：
CheckSymbolExists.c:(.text+0xa)：对‘pthread_create’未定义的引用
collect2: error: ld returned 1 exit status
make[1]: *** [cmTryCompileExec4205805044] 错误 1
make[1]:正在离开目录 `/home/turtlebot2/asr_ws/build/CMakeFiles/CMakeTmp'
make: *** [cmTryCompileExec4205805044/fast] 错误 2

File /home/turtlebot2/asr_ws/build/CMakeFiles/CMakeTmp/CheckSymbolExists.c:
/* */
#include <pthread.h>

int main(int argc, char** argv)
{
  (void)argv;
#ifndef pthread_create
  return ((int*)(&pthread_create))[argc];
#else
  (void)argc;
  return 0;
#endif
}

Determining if the function pthread_create exists in the pthreads failed with the following output:
Change Dir: /home/turtlebot2/asr_ws/build/CMakeFiles/CMakeTmp

Run Build Command:/usr/bin/make "cmTryCompileExec3840462211/fast"
/usr/bin/make -f CMakeFiles/cmTryCompileExec3840462211.dir/build.make CMakeFiles/cmTryCompileExec3840462211.dir/build
make[1]: 正在进入目录 `/home/turtlebot2/asr_ws/build/CMakeFiles/CMakeTmp'
/usr/bin/cmake -E cmake_progress_report /home/turtlebot2/asr_ws/build/CMakeFiles/CMakeTmp/CMakeFiles 1
Building C object CMakeFiles/cmTryCompileExec3840462211.dir/CheckFunctionExists.c.o
/usr/bin/cc   -DCHECK_FUNCTION_EXISTS=pthread_create   -o CMakeFiles/cmTryCompileExec3840462211.dir/CheckFunctionExists.c.o   -c /usr/share/cmake-2.8/Modules/CheckFunctionExists.c
Linking C executable cmTryCompileExec3840462211
/usr/bin/cmake -E cmake_link_script CMakeFiles/cmTryCompileExec3840462211.dir/link.txt --verbose=1
/usr/bin/cc   -DCHECK_FUNCTION_EXISTS=pthread_create    CMakeFiles/cmTryCompileExec3840462211.dir/CheckFunctionExists.c.o  -o cmTryCompileExec3840462211 -rdynamic -lpthreads 
/usr/bin/ld: cannot find -lpthreads
collect2: error: ld returned 1 exit status
make[1]: *** [cmTryCompileExec3840462211] 错误 1
make[1]:正在离开目录 `/home/turtlebot2/asr_ws/build/CMakeFiles/CMakeTmp'
make: *** [cmTryCompileExec3840462211/fast] 错误 2


